Arguments: 
  /home/eprev/.n/bin/node /usr/share/yarn/bin/yarn.js publish

PATH: 
  /usr/local/opt/grep/libexec/gnubin:/usr/local/opt/coreutils/libexec/gnubin:/home/eprev/.n/bin:/home/eprev/.dotfiles/bin/:/home/eprev/.yarn/bin:/usr/local/opt/grep/libexec/gnubin:/usr/local/opt/coreutils/libexec/gnubin:/home/eprev/.dotfiles/bin/:/home/eprev/.yarn/bin:/home/eprev/.nvm/versions/node/v10.16.0/bin:/usr/local/opt/grep/libexec/gnubin:/usr/local/opt/coreutils/libexec/gnubin:/home/eprev/.dotfiles/bin/:/home/eprev/.yarn/bin:/usr/local/sbin:/usr/local/bin:/usr/sbin:/usr/bin:/sbin:/bin:/usr/games:/usr/local/games:/snap/bin:/home/eprev/.dotfiles/fzf/bin

Yarn version: 
  1.17.3

Node version: 
  10.16.3

Platform: 
  linux x64

Trace: 
  SyntaxError: /home/eprev/eprev.org/wsngn/package.json: Unexpected string in JSON at position 401
      at JSON.parse (<anonymous>)
      at /usr/share/yarn/lib/cli.js:1625:59
      at Generator.next (<anonymous>)
      at step (/usr/share/yarn/lib/cli.js:304:30)
      at /usr/share/yarn/lib/cli.js:315:13

npm manifest: 
  {
    "name": "@eprev/wsngn",
    "version": "0.1.1",
    "description": "That’s my spot.",
    "repository": {
      "type": "git",
      "url": "git+https://github.com/eprev/eprev.org.git"
    },
    "author": "Anton Eprev <eprev@me.com>",
    "bugs": {
      "url": "https://github.com/eprev/eprev.org/issues"
    },
    "bin": "bin/build",
    "homepage": "http://eprev.org",
    "dependencies": {
      "terser": "^4.3.9"
      "cssnano": "^4.1.10",
      "cssnano-cli": "^1.0.5",
      "highlight.js": "^9.15.10",
      "html-minifier": "^4.0.0",
      "mathjax-node": "^2.1.1",
      "rollup": "^1.25.0"
    }
  }

yarn manifest: 
  No manifest

Lockfile: 
  No lockfile
